[0.007s] Invoking command in '/home/andrew/2_wheel_robot_ws/build/robot_1': CMAKE_PREFIX_PATH=${CMAKE_PREFIX_PATH}:/opt/ros/iron /usr/bin/cmake /home/andrew/2_wheel_robot_ws/src/robot_1 -DCMAKE_INSTALL_PREFIX=/home/andrew/2_wheel_robot_ws/install/robot_1
[0.062s] -- The C compiler identification is GNU 11.4.0
[0.285s] -- The CXX compiler identification is Clang 14.0.0
[0.463s] -- Detecting C compiler ABI info
[0.522s] -- Detecting C compiler ABI info - done
[0.524s] -- Check for working C compiler: /usr/bin/cc - skipped
[0.525s] -- Detecting C compile features
[0.525s] -- Detecting C compile features - done
[0.527s] -- Detecting CXX compiler ABI info
[0.648s] -- Detecting CXX compiler ABI info - done
[0.651s] -- Check for working CXX compiler: /usr/bin/c++ - skipped
[0.651s] -- Detecting CXX compile features
[0.652s] -- Detecting CXX compile features - done
[0.652s] -- Found ament_cmake: 2.0.3 (/opt/ros/iron/share/ament_cmake/cmake)
[0.725s] -- Found Python3: /usr/bin/python3.10 (found version "3.10.12") found components: Interpreter 
[0.761s] -- Found ament_lint_auto: 0.14.1 (/opt/ros/iron/share/ament_lint_auto/cmake)
[0.794s] -- Added test 'flake8' to check Python code syntax and style conventions
[0.794s] -- Configured 'flake8' exclude dirs and/or files: 
[0.794s] -- Added test 'lint_cmake' to check CMake code style
[0.795s] -- Added test 'pep257' to check Python code against some of the docstring style conventions in PEP 257
[0.795s] -- Added test 'xmllint' to check XML markup files
[0.796s] -- Configuring done
[0.798s] -- Generating done
[0.798s] -- Build files have been written to: /home/andrew/2_wheel_robot_ws/build/robot_1
[0.800s] Invoked command in '/home/andrew/2_wheel_robot_ws/build/robot_1' returned '0': CMAKE_PREFIX_PATH=${CMAKE_PREFIX_PATH}:/opt/ros/iron /usr/bin/cmake /home/andrew/2_wheel_robot_ws/src/robot_1 -DCMAKE_INSTALL_PREFIX=/home/andrew/2_wheel_robot_ws/install/robot_1
[0.802s] Invoking command in '/home/andrew/2_wheel_robot_ws/build/robot_1': CMAKE_PREFIX_PATH=${CMAKE_PREFIX_PATH}:/opt/ros/iron /usr/bin/cmake --build /home/andrew/2_wheel_robot_ws/build/robot_1 -- -j24 -l24
[0.815s] Invoked command in '/home/andrew/2_wheel_robot_ws/build/robot_1' returned '0': CMAKE_PREFIX_PATH=${CMAKE_PREFIX_PATH}:/opt/ros/iron /usr/bin/cmake --build /home/andrew/2_wheel_robot_ws/build/robot_1 -- -j24 -l24
[0.826s] Invoking command in '/home/andrew/2_wheel_robot_ws/build/robot_1': CMAKE_PREFIX_PATH=${CMAKE_PREFIX_PATH}:/opt/ros/iron /usr/bin/cmake --install /home/andrew/2_wheel_robot_ws/build/robot_1
[0.828s] -- Install configuration: ""
[0.829s] -- Installing: /home/andrew/2_wheel_robot_ws/install/robot_1/share/ament_index/resource_index/package_run_dependencies/robot_1
[0.829s] -- Installing: /home/andrew/2_wheel_robot_ws/install/robot_1/share/ament_index/resource_index/parent_prefix_path/robot_1
[0.829s] -- Installing: /home/andrew/2_wheel_robot_ws/install/robot_1/share/robot_1/environment/ament_prefix_path.sh
[0.829s] -- Installing: /home/andrew/2_wheel_robot_ws/install/robot_1/share/robot_1/environment/ament_prefix_path.dsv
[0.829s] -- Installing: /home/andrew/2_wheel_robot_ws/install/robot_1/share/robot_1/environment/path.sh
[0.829s] -- Installing: /home/andrew/2_wheel_robot_ws/install/robot_1/share/robot_1/environment/path.dsv
[0.829s] -- Installing: /home/andrew/2_wheel_robot_ws/install/robot_1/share/robot_1/local_setup.bash
[0.829s] -- Installing: /home/andrew/2_wheel_robot_ws/install/robot_1/share/robot_1/local_setup.sh
[0.829s] -- Installing: /home/andrew/2_wheel_robot_ws/install/robot_1/share/robot_1/local_setup.zsh
[0.829s] -- Installing: /home/andrew/2_wheel_robot_ws/install/robot_1/share/robot_1/local_setup.dsv
[0.829s] -- Installing: /home/andrew/2_wheel_robot_ws/install/robot_1/share/robot_1/package.dsv
[0.829s] -- Installing: /home/andrew/2_wheel_robot_ws/install/robot_1/share/ament_index/resource_index/packages/robot_1
[0.829s] -- Installing: /home/andrew/2_wheel_robot_ws/install/robot_1/share/robot_1/cmake/robot_1Config.cmake
[0.829s] -- Installing: /home/andrew/2_wheel_robot_ws/install/robot_1/share/robot_1/cmake/robot_1Config-version.cmake
[0.829s] -- Installing: /home/andrew/2_wheel_robot_ws/install/robot_1/share/robot_1/package.xml
[0.830s] -- Installing: /home/andrew/2_wheel_robot_ws/install/robot_1/share/robot_1/config
[0.830s] -- Installing: /home/andrew/2_wheel_robot_ws/install/robot_1/share/robot_1/config/rviz.rviz
[0.830s] -- Installing: /home/andrew/2_wheel_robot_ws/install/robot_1/share/robot_1/description
[0.830s] -- Installing: /home/andrew/2_wheel_robot_ws/install/robot_1/share/robot_1/description/inertial_macros.xacro
[0.830s] -- Installing: /home/andrew/2_wheel_robot_ws/install/robot_1/share/robot_1/description/robot_core.xacro
[0.830s] -- Installing: /home/andrew/2_wheel_robot_ws/install/robot_1/share/robot_1/description/robot.urdf.xacro
[0.830s] -- Installing: /home/andrew/2_wheel_robot_ws/install/robot_1/share/robot_1/launch
[0.830s] -- Installing: /home/andrew/2_wheel_robot_ws/install/robot_1/share/robot_1/launch/rsp.launch.py
[0.830s] -- Installing: /home/andrew/2_wheel_robot_ws/install/robot_1/share/robot_1/worlds
[0.830s] Invoked command in '/home/andrew/2_wheel_robot_ws/build/robot_1' returned '0': CMAKE_PREFIX_PATH=${CMAKE_PREFIX_PATH}:/opt/ros/iron /usr/bin/cmake --install /home/andrew/2_wheel_robot_ws/build/robot_1
