-- Install configuration: ""
-- Up-to-date: /home/andrew/2_wheel_robot_ws/install/robot_1/share/ament_index/resource_index/package_run_dependencies/robot_1
-- Up-to-date: /home/andrew/2_wheel_robot_ws/install/robot_1/share/ament_index/resource_index/parent_prefix_path/robot_1
-- Up-to-date: /home/andrew/2_wheel_robot_ws/install/robot_1/share/robot_1/environment/ament_prefix_path.sh
-- Up-to-date: /home/andrew/2_wheel_robot_ws/install/robot_1/share/robot_1/environment/ament_prefix_path.dsv
-- Up-to-date: /home/andrew/2_wheel_robot_ws/install/robot_1/share/robot_1/environment/path.sh
-- Up-to-date: /home/andrew/2_wheel_robot_ws/install/robot_1/share/robot_1/environment/path.dsv
-- Up-to-date: /home/andrew/2_wheel_robot_ws/install/robot_1/share/robot_1/local_setup.bash
-- Up-to-date: /home/andrew/2_wheel_robot_ws/install/robot_1/share/robot_1/local_setup.sh
-- Up-to-date: /home/andrew/2_wheel_robot_ws/install/robot_1/share/robot_1/local_setup.zsh
-- Up-to-date: /home/andrew/2_wheel_robot_ws/install/robot_1/share/robot_1/local_setup.dsv
-- Up-to-date: /home/andrew/2_wheel_robot_ws/install/robot_1/share/robot_1/package.dsv
-- Up-to-date: /home/andrew/2_wheel_robot_ws/install/robot_1/share/ament_index/resource_index/packages/robot_1
-- Up-to-date: /home/andrew/2_wheel_robot_ws/install/robot_1/share/robot_1/cmake/robot_1Config.cmake
-- Up-to-date: /home/andrew/2_wheel_robot_ws/install/robot_1/share/robot_1/cmake/robot_1Config-version.cmake
-- Up-to-date: /home/andrew/2_wheel_robot_ws/install/robot_1/share/robot_1/package.xml
-- Up-to-date: /home/andrew/2_wheel_robot_ws/install/robot_1/share/robot_1/config
-- Up-to-date: /home/andrew/2_wheel_robot_ws/install/robot_1/share/robot_1/config/rviz.rviz
-- Up-to-date: /home/andrew/2_wheel_robot_ws/install/robot_1/share/robot_1/description
-- Up-to-date: /home/andrew/2_wheel_robot_ws/install/robot_1/share/robot_1/description/inertial_macros.xacro
-- Up-to-date: /home/andrew/2_wheel_robot_ws/install/robot_1/share/robot_1/description/robot_core.xacro
-- Up-to-date: /home/andrew/2_wheel_robot_ws/install/robot_1/share/robot_1/description/robot.urdf.xacro
-- Up-to-date: /home/andrew/2_wheel_robot_ws/install/robot_1/share/robot_1/launch
-- Up-to-date: /home/andrew/2_wheel_robot_ws/install/robot_1/share/robot_1/launch/rsp.launch.py
-- Up-to-date: /home/andrew/2_wheel_robot_ws/install/robot_1/share/robot_1/worlds
