[0.006s] Invoking command in '/home/andrew/2_wheel_robot_ws/build/robot_1': CMAKE_PREFIX_PATH=${CMAKE_PREFIX_PATH}:/opt/ros/iron /usr/bin/cmake /home/andrew/2_wheel_robot_ws/src/robot_1 -DAMENT_CMAKE_SYMLINK_INSTALL=1 -DCMAKE_INSTALL_PREFIX=/home/andrew/2_wheel_robot_ws/install/robot_1
[0.062s] -- The C compiler identification is GNU 11.4.0
[0.306s] -- The CXX compiler identification is Clang 14.0.0
[0.549s] -- Detecting C compiler ABI info
[0.611s] -- Detecting C compiler ABI info - done
[0.614s] -- Check for working C compiler: /usr/bin/cc - skipped
[0.614s] -- Detecting C compile features
[0.614s] -- Detecting C compile features - done
[0.616s] -- Detecting CXX compiler ABI info
[0.726s] -- Detecting CXX compiler ABI info - done
[0.729s] -- Check for working CXX compiler: /usr/bin/c++ - skipped
[0.729s] -- Detecting CXX compile features
[0.729s] -- Detecting CXX compile features - done
[0.730s] -- Found ament_cmake: 2.0.3 (/opt/ros/iron/share/ament_cmake/cmake)
[0.809s] -- Found Python3: /usr/bin/python3.10 (found version "3.10.12") found components: Interpreter 
[0.838s] -- Override CMake install command with custom implementation using symlinks instead of copying resources
[0.849s] -- Found ament_lint_auto: 0.14.1 (/opt/ros/iron/share/ament_lint_auto/cmake)
[0.884s] -- Added test 'flake8' to check Python code syntax and style conventions
[0.884s] -- Configured 'flake8' exclude dirs and/or files: 
[0.884s] -- Added test 'lint_cmake' to check CMake code style
[0.885s] -- Added test 'pep257' to check Python code against some of the docstring style conventions in PEP 257
[0.885s] -- Added test 'xmllint' to check XML markup files
[0.886s] -- Configuring done
[0.888s] -- Generating done
[0.888s] -- Build files have been written to: /home/andrew/2_wheel_robot_ws/build/robot_1
[0.892s] Invoked command in '/home/andrew/2_wheel_robot_ws/build/robot_1' returned '0': CMAKE_PREFIX_PATH=${CMAKE_PREFIX_PATH}:/opt/ros/iron /usr/bin/cmake /home/andrew/2_wheel_robot_ws/src/robot_1 -DAMENT_CMAKE_SYMLINK_INSTALL=1 -DCMAKE_INSTALL_PREFIX=/home/andrew/2_wheel_robot_ws/install/robot_1
[0.892s] Invoking command in '/home/andrew/2_wheel_robot_ws/build/robot_1': CMAKE_PREFIX_PATH=${CMAKE_PREFIX_PATH}:/opt/ros/iron /usr/bin/cmake --build /home/andrew/2_wheel_robot_ws/build/robot_1 -- -j24 -l24
[0.907s] Invoked command in '/home/andrew/2_wheel_robot_ws/build/robot_1' returned '0': CMAKE_PREFIX_PATH=${CMAKE_PREFIX_PATH}:/opt/ros/iron /usr/bin/cmake --build /home/andrew/2_wheel_robot_ws/build/robot_1 -- -j24 -l24
[0.919s] Invoking command in '/home/andrew/2_wheel_robot_ws/build/robot_1': CMAKE_PREFIX_PATH=${CMAKE_PREFIX_PATH}:/opt/ros/iron /usr/bin/cmake --install /home/andrew/2_wheel_robot_ws/build/robot_1
[0.922s] -- Install configuration: ""
[0.922s] -- Execute custom install script
[0.922s] -- Symlinking: /home/andrew/2_wheel_robot_ws/install/robot_1/share/ament_index/resource_index/package_run_dependencies/robot_1
[0.926s] -- Symlinking: /home/andrew/2_wheel_robot_ws/install/robot_1/share/ament_index/resource_index/parent_prefix_path/robot_1
[0.929s] -- Symlinking: /home/andrew/2_wheel_robot_ws/install/robot_1/share/robot_1/environment/ament_prefix_path.sh
[0.933s] -- Symlinking: /home/andrew/2_wheel_robot_ws/install/robot_1/share/robot_1/environment/ament_prefix_path.dsv
[0.936s] -- Symlinking: /home/andrew/2_wheel_robot_ws/install/robot_1/share/robot_1/environment/path.sh
[0.940s] -- Symlinking: /home/andrew/2_wheel_robot_ws/install/robot_1/share/robot_1/environment/path.dsv
[0.943s] -- Symlinking: /home/andrew/2_wheel_robot_ws/install/robot_1/share/robot_1/local_setup.bash
[0.946s] -- Symlinking: /home/andrew/2_wheel_robot_ws/install/robot_1/share/robot_1/local_setup.sh
[0.949s] -- Symlinking: /home/andrew/2_wheel_robot_ws/install/robot_1/share/robot_1/local_setup.zsh
[0.952s] -- Symlinking: /home/andrew/2_wheel_robot_ws/install/robot_1/share/robot_1/local_setup.dsv
[0.956s] -- Symlinking: /home/andrew/2_wheel_robot_ws/install/robot_1/share/robot_1/package.dsv
[0.959s] -- Symlinking: /home/andrew/2_wheel_robot_ws/install/robot_1/share/ament_index/resource_index/packages/robot_1
[0.963s] -- Symlinking: /home/andrew/2_wheel_robot_ws/install/robot_1/share/robot_1/cmake/robot_1Config.cmake
[0.966s] -- Symlinking: /home/andrew/2_wheel_robot_ws/install/robot_1/share/robot_1/cmake/robot_1Config-version.cmake
[0.970s] -- Symlinking: /home/andrew/2_wheel_robot_ws/install/robot_1/share/robot_1/package.xml
[0.973s] -- Symlinking: /home/andrew/2_wheel_robot_ws/install/robot_1/share/robot_1/config/rviz.rviz
[0.976s] -- Symlinking: /home/andrew/2_wheel_robot_ws/install/robot_1/share/robot_1/description/inertial_macros.xacro
[0.979s] -- Symlinking: /home/andrew/2_wheel_robot_ws/install/robot_1/share/robot_1/description/robot.urdf.xacro
[0.983s] -- Symlinking: /home/andrew/2_wheel_robot_ws/install/robot_1/share/robot_1/description/robot_core.xacro
[0.986s] -- Symlinking: /home/andrew/2_wheel_robot_ws/install/robot_1/share/robot_1/launch/rsp.launch.py
[0.990s] Invoked command in '/home/andrew/2_wheel_robot_ws/build/robot_1' returned '0': CMAKE_PREFIX_PATH=${CMAKE_PREFIX_PATH}:/opt/ros/iron /usr/bin/cmake --install /home/andrew/2_wheel_robot_ws/build/robot_1
